<?xml version="1.0" encoding="UTF-8"?>
<testsuite name="com.example.android.pictureinpicture.MainViewModelTest" tests="1" skipped="0" failures="1" errors="0" timestamp="2025-03-17T15:52:48" hostname="mariahabib-MacBook-Pro" time="0.663">
  <properties/>
  <testcase name="startOrPause toggles started state and manages job" classname="com.example.android.pictureinpicture.MainViewModelTest" time="0.663">
    <failure message="org.mockito.exceptions.misusing.WrongTypeOfReturnValue: &#10;Boolean cannot be returned by getStarted()&#10;getStarted() should return StateFlow&#10;***&#10;If you're unsure why you're getting above error read on.&#10;Due to the nature of the syntax above problem might occur because:&#10;1. This exception *might* occur in wrongly written multi-threaded tests.&#10;   Please refer to Mockito FAQ on limitations of concurrency testing.&#10;2. A spy is stubbed using when(spy.foo()).then() syntax. It is safer to stub spies - &#10;   - with doReturn|Throw() family of methods. More in javadocs for Mockito.spy() method.&#10;" type="org.mockito.exceptions.misusing.WrongTypeOfReturnValue">org.mockito.exceptions.misusing.WrongTypeOfReturnValue: 
Boolean cannot be returned by getStarted()
getStarted() should return StateFlow
***
If you're unsure why you're getting above error read on.
Due to the nature of the syntax above problem might occur because:
1. This exception *might* occur in wrongly written multi-threaded tests.
   Please refer to Mockito FAQ on limitations of concurrency testing.
2. A spy is stubbed using when(spy.foo()).then() syntax. It is safer to stub spies - 
   - with doReturn|Throw() family of methods. More in javadocs for Mockito.spy() method.

	at app//com.example.android.pictureinpicture.MainViewModelTest$startOrPause toggles started state and manages job$1.invokeSuspend(MainViewModelTest.kt:117)
	at app//com.example.android.pictureinpicture.MainViewModelTest$startOrPause toggles started state and manages job$1.invoke(MainViewModelTest.kt)
	at app//com.example.android.pictureinpicture.MainViewModelTest$startOrPause toggles started state and manages job$1.invoke(MainViewModelTest.kt)
	at app//kotlinx.coroutines.test.TestBuildersKt__TestBuildersKt$runTestCoroutine$2.invokeSuspend(TestBuilders.kt:212)
	at app//kotlinx.coroutines.test.TestBuildersKt__TestBuildersKt$runTestCoroutine$2.invoke(TestBuilders.kt)
	at app//kotlinx.coroutines.test.TestBuildersKt__TestBuildersKt$runTestCoroutine$2.invoke(TestBuilders.kt)
	at app//kotlinx.coroutines.intrinsics.UndispatchedKt.startCoroutineUndispatched(Undispatched.kt:55)
	at app//kotlinx.coroutines.CoroutineStart.invoke(CoroutineStart.kt:112)
	at app//kotlinx.coroutines.AbstractCoroutine.start(AbstractCoroutine.kt:126)
	at app//kotlinx.coroutines.test.TestBuildersKt__TestBuildersKt.runTestCoroutine(TestBuilders.kt:211)
	at app//kotlinx.coroutines.test.TestBuildersKt.runTestCoroutine(Unknown Source)
	at app//kotlinx.coroutines.test.TestBuildersKt__TestBuildersKt$runTest$1$1.invokeSuspend(TestBuilders.kt:167)
	at app//kotlinx.coroutines.test.TestBuildersKt__TestBuildersKt$runTest$1$1.invoke(TestBuilders.kt)
	at app//kotlinx.coroutines.test.TestBuildersKt__TestBuildersKt$runTest$1$1.invoke(TestBuilders.kt)
	at app//kotlinx.coroutines.test.TestBuildersJvmKt$createTestResult$1.invokeSuspend(TestBuildersJvm.kt:13)
	at app//kotlin.coroutines.jvm.internal.BaseContinuationImpl.resumeWith(ContinuationImpl.kt:33)
	at app//kotlinx.coroutines.DispatchedTask.run(DispatchedTask.kt:106)
	at app//kotlinx.coroutines.EventLoopImplBase.processNextEvent(EventLoop.common.kt:284)
	at app//kotlinx.coroutines.BlockingCoroutine.joinBlocking(Builders.kt:85)
	at app//kotlinx.coroutines.BuildersKt__BuildersKt.runBlocking(Builders.kt:59)
	at app//kotlinx.coroutines.BuildersKt.runBlocking(Unknown Source)
	at app//kotlinx.coroutines.BuildersKt__BuildersKt.runBlocking$default(Builders.kt:38)
	at app//kotlinx.coroutines.BuildersKt.runBlocking$default(Unknown Source)
	at app//kotlinx.coroutines.test.TestBuildersJvmKt.createTestResult(TestBuildersJvm.kt:12)
	at app//kotlinx.coroutines.test.TestBuildersKt__TestBuildersKt.runTest(TestBuilders.kt:166)
	at app//kotlinx.coroutines.test.TestBuildersKt.runTest(Unknown Source)
	at app//kotlinx.coroutines.test.TestBuildersKt__TestBuildersKt.runTest(TestBuilders.kt:154)
	at app//kotlinx.coroutines.test.TestBuildersKt.runTest(Unknown Source)
	at app//kotlinx.coroutines.test.TestBuildersKt__TestBuildersKt.runTest$default(TestBuilders.kt:147)
	at app//kotlinx.coroutines.test.TestBuildersKt.runTest$default(Unknown Source)
	at app//com.example.android.pictureinpicture.MainViewModelTest.startOrPause toggles started state and manages job(MainViewModelTest.kt:116)
	at java.base@21.0.5/jdk.internal.reflect.DirectMethodHandleAccessor.invoke(Unknown Source)
	at java.base@21.0.5/java.lang.reflect.Method.invoke(Unknown Source)
	at app//org.junit.runners.model.FrameworkMethod$1.runReflectiveCall(FrameworkMethod.java:59)
	at app//org.junit.internal.runners.model.ReflectiveCallable.run(ReflectiveCallable.java:12)
	at app//org.junit.runners.model.FrameworkMethod.invokeExplosively(FrameworkMethod.java:56)
	at app//org.junit.internal.runners.statements.InvokeMethod.evaluate(InvokeMethod.java:17)
	at app//org.junit.internal.runners.statements.RunBefores.evaluate(RunBefores.java:26)
	at app//org.mockito.internal.runners.DefaultInternalRunner$1$1.evaluate(DefaultInternalRunner.java:55)
	at app//org.junit.internal.runners.statements.RunAfters.evaluate(RunAfters.java:27)
	at app//org.junit.rules.TestWatcher$1.evaluate(TestWatcher.java:61)
	at app//org.junit.runners.ParentRunner$3.evaluate(ParentRunner.java:306)
	at app//org.junit.runners.BlockJUnit4ClassRunner$1.evaluate(BlockJUnit4ClassRunner.java:100)
	at app//org.junit.runners.ParentRunner.runLeaf(ParentRunner.java:366)
	at app//org.junit.runners.BlockJUnit4ClassRunner.runChild(BlockJUnit4ClassRunner.java:103)
	at app//org.junit.runners.BlockJUnit4ClassRunner.runChild(BlockJUnit4ClassRunner.java:63)
	at app//org.junit.runners.ParentRunner$4.run(ParentRunner.java:331)
	at app//org.junit.runners.ParentRunner$1.schedule(ParentRunner.java:79)
	at app//org.junit.runners.ParentRunner.runChildren(ParentRunner.java:329)
	at app//org.junit.runners.ParentRunner.access$100(ParentRunner.java:66)
	at app//org.junit.runners.ParentRunner$2.evaluate(ParentRunner.java:293)
	at app//org.junit.runners.ParentRunner$3.evaluate(ParentRunner.java:306)
	at app//org.junit.runners.ParentRunner.run(ParentRunner.java:413)
	at app//org.mockito.internal.runners.DefaultInternalRunner$1.run(DefaultInternalRunner.java:100)
	at app//org.mockito.internal.runners.DefaultInternalRunner.run(DefaultInternalRunner.java:107)
	at app//org.mockito.internal.runners.StrictRunner.run(StrictRunner.java:41)
	at app//org.mockito.junit.MockitoJUnitRunner.run(MockitoJUnitRunner.java:163)
	at org.gradle.api.internal.tasks.testing.junit.JUnitTestClassExecutor.runTestClass(JUnitTestClassExecutor.java:112)
	at org.gradle.api.internal.tasks.testing.junit.JUnitTestClassExecutor.execute(JUnitTestClassExecutor.java:58)
	at org.gradle.api.internal.tasks.testing.junit.JUnitTestClassExecutor.execute(JUnitTestClassExecutor.java:40)
	at org.gradle.api.internal.tasks.testing.junit.AbstractJUnitTestClassProcessor.processTestClass(AbstractJUnitTestClassProcessor.java:60)
	at org.gradle.api.internal.tasks.testing.SuiteTestClassProcessor.processTestClass(SuiteTestClassProcessor.java:52)
	at java.base@21.0.5/jdk.internal.reflect.DirectMethodHandleAccessor.invoke(Unknown Source)
	at java.base@21.0.5/java.lang.reflect.Method.invoke(Unknown Source)
	at org.gradle.internal.dispatch.ReflectionDispatch.dispatch(ReflectionDispatch.java:36)
	at org.gradle.internal.dispatch.ReflectionDispatch.dispatch(ReflectionDispatch.java:24)
	at org.gradle.internal.dispatch.ContextClassLoaderDispatch.dispatch(ContextClassLoaderDispatch.java:33)
	at org.gradle.internal.dispatch.ProxyDispatchAdapter$DispatchingInvocationHandler.invoke(ProxyDispatchAdapter.java:94)
	at jdk.proxy1/jdk.proxy1.$Proxy2.processTestClass(Unknown Source)
	at org.gradle.api.internal.tasks.testing.worker.TestWorker$2.run(TestWorker.java:176)
	at org.gradle.api.internal.tasks.testing.worker.TestWorker.executeAndMaintainThreadName(TestWorker.java:129)
	at org.gradle.api.internal.tasks.testing.worker.TestWorker.execute(TestWorker.java:100)
	at org.gradle.api.internal.tasks.testing.worker.TestWorker.execute(TestWorker.java:60)
	at org.gradle.process.internal.worker.child.ActionExecutionWorker.execute(ActionExecutionWorker.java:56)
	at org.gradle.process.internal.worker.child.SystemApplicationClassLoaderWorker.call(SystemApplicationClassLoaderWorker.java:113)
	at org.gradle.process.internal.worker.child.SystemApplicationClassLoaderWorker.call(SystemApplicationClassLoaderWorker.java:65)
	at app//worker.org.gradle.process.internal.worker.GradleWorkerMain.run(GradleWorkerMain.java:69)
	at app//worker.org.gradle.process.internal.worker.GradleWorkerMain.main(GradleWorkerMain.java:74)
</failure>
  </testcase>
  <system-out><![CDATA[]]></system-out>
  <system-err><![CDATA[WARNING: A Java agent has been loaded dynamically (/Users/maria.habib/.gradle/caches/transforms-3/7ea63e1bc0921bee05a153b8df198372/transformed/jetified-byte-buddy-agent-1.12.20.jar)
WARNING: If a serviceability tool is in use, please run with -XX:+EnableDynamicAgentLoading to hide this warning
WARNING: If a serviceability tool is not in use, please run with -Djdk.instrument.traceUsage for more information
WARNING: Dynamic loading of agents will be disallowed by default in a future release
]]></system-err>
</testsuite>
